0 info it worked if it ends with ok
1 verbose cli [ '/usr/local/Cellar/node/7.0.0/bin/node',
1 verbose cli   '/usr/local/bin/npm',
1 verbose cli   'run',
1 verbose cli   'patch-release' ]
2 info using npm@4.0.5
3 info using node@v7.4.0
4 verbose run-script [ 'prepatch-release', 'patch-release', 'postpatch-release' ]
5 info lifecycle elixir-smoothie@2.0.3~prepatch-release: elixir-smoothie@2.0.3
6 silly lifecycle elixir-smoothie@2.0.3~prepatch-release: no script for prepatch-release, continuing
7 info lifecycle elixir-smoothie@2.0.3~patch-release: elixir-smoothie@2.0.3
8 verbose lifecycle elixir-smoothie@2.0.3~patch-release: unsafe-perm in lifecycle true
9 verbose lifecycle elixir-smoothie@2.0.3~patch-release: PATH: /usr/local/lib/node_modules/npm/bin/node-gyp-bin:/Users/Jaap/Documents/development/elixir-smoothie/node_modules/.bin:./node_modules/.bin:/usr/local/bin:/usr/bin:/bin:/usr/sbin:/sbin
10 verbose lifecycle elixir-smoothie@2.0.3~patch-release: CWD: /Users/Jaap/Documents/development/elixir-smoothie
11 silly lifecycle elixir-smoothie@2.0.3~patch-release: Args: [ '-c',
11 silly lifecycle   'npm version patch && npm publish && git push --follow-tags' ]
12 silly lifecycle elixir-smoothie@2.0.3~patch-release: Returned: code: 1  signal: null
13 info lifecycle elixir-smoothie@2.0.3~patch-release: Failed to exec patch-release script
14 verbose stack Error: elixir-smoothie@2.0.3 patch-release: `npm version patch && npm publish && git push --follow-tags`
14 verbose stack Exit status 1
14 verbose stack     at EventEmitter.<anonymous> (/usr/local/lib/node_modules/npm/lib/utils/lifecycle.js:279:16)
14 verbose stack     at emitTwo (events.js:106:13)
14 verbose stack     at EventEmitter.emit (events.js:191:7)
14 verbose stack     at ChildProcess.<anonymous> (/usr/local/lib/node_modules/npm/lib/utils/spawn.js:40:14)
14 verbose stack     at emitTwo (events.js:106:13)
14 verbose stack     at ChildProcess.emit (events.js:191:7)
14 verbose stack     at maybeClose (internal/child_process.js:885:16)
14 verbose stack     at Process.ChildProcess._handle.onexit (internal/child_process.js:226:5)
15 verbose pkgid elixir-smoothie@2.0.3
16 verbose cwd /Users/Jaap/Documents/development/elixir-smoothie
17 error Darwin 16.3.0
18 error argv "/usr/local/Cellar/node/7.0.0/bin/node" "/usr/local/bin/npm" "run" "patch-release"
19 error node v7.4.0
20 error npm  v4.0.5
21 error code ELIFECYCLE
22 error elixir-smoothie@2.0.3 patch-release: `npm version patch && npm publish && git push --follow-tags`
22 error Exit status 1
23 error Failed at the elixir-smoothie@2.0.3 patch-release script 'npm version patch && npm publish && git push --follow-tags'.
23 error Make sure you have the latest version of node.js and npm installed.
23 error If you do, this is most likely a problem with the elixir-smoothie package,
23 error not with npm itself.
23 error Tell the author that this fails on your system:
23 error     npm version patch && npm publish && git push --follow-tags
23 error You can get information on how to open an issue for this project with:
23 error     npm bugs elixir-smoothie
23 error Or if that isn't available, you can get their info via:
23 error     npm owner ls elixir-smoothie
23 error There is likely additional logging output above.
24 verbose exit [ 1, true ]
